0 info it worked if it ends with ok
1 verbose cli [ 'c:\\nodejs\\node.exe',
1 verbose cli   'c:\\nodejs\\node_modules\\npm\\bin\\npm-cli.js',
1 verbose cli   's',
1 verbose cli   'validation' ]
2 info using npm@1.3.2
3 info using node@v0.10.13
4 verbose url raw /-/all/since?stale=update_after&startkey=1376974473608
5 verbose url resolving [ 'https://registry.npmjs.org/',
5 verbose url resolving   './-/all/since?stale=update_after&startkey=1376974473608' ]
6 verbose url resolved https://registry.npmjs.org/-/all/since?stale=update_after&startkey=1376974473608
7 info trying registry request attempt 1 at 16:59:37
8 http GET https://registry.npmjs.org/-/all/since?stale=update_after&startkey=1376974473608
9 info retry will retry, error on last attempt: Error: connect EACCES
10 info trying registry request attempt 2 at 17:00:09
11 http GET https://registry.npmjs.org/-/all/since?stale=update_after&startkey=1376974473608
12 info retry will retry, error on last attempt: Error: connect EACCES
13 info trying registry request attempt 3 at 17:01:30
14 http GET https://registry.npmjs.org/-/all/since?stale=update_after&startkey=1376974473608
15 error Error: connect EACCES
15 error     at errnoException (net.js:901:11)
15 error     at Object.afterConnect [as oncomplete] (net.js:892:19)
15 error  { [Error: connect EACCES] code: 'EACCES', errno: 'EACCES', syscall: 'connect' }
16 error Please try running this command again as root/Administrator.
17 error System Windows_NT 6.2.9200
18 error command "c:\\nodejs\\node.exe" "c:\\nodejs\\node_modules\\npm\\bin\\npm-cli.js" "s" "validation"
19 error cwd e:\projects\HTMLBase
20 error node -v v0.10.13
21 error npm -v 1.3.2
22 error syscall connect
23 error code EACCES
24 error errno EACCES
25 error stack Error: connect EACCES
25 error stack     at errnoException (net.js:901:11)
25 error stack     at Object.afterConnect [as oncomplete] (net.js:892:19)
26 verbose exit [ 1, true ]
